<?xml version="1.0" encoding="UTF-8"?>
<testng-results ignored="0" total="1" passed="1" failed="0" skipped="0">
  <reporter-output>
  </reporter-output>
  <suite started-at="2024-12-31T18:56:53 IST" name="Master Suite" finished-at="2024-12-31T18:57:12 IST" duration-ms="18393">
    <groups>
      <group name="Master">
        <method signature="TC001_amazon.Amazon()[pri:0, instance:testcases.TC001_amazon@6356695f]" name="Amazon" class="testcases.TC001_amazon"/>
      </group> <!-- Master -->
      <group name="Sanity">
        <method signature="TC001_amazon.Amazon()[pri:0, instance:testcases.TC001_amazon@6356695f]" name="Amazon" class="testcases.TC001_amazon"/>
      </group> <!-- Sanity -->
    </groups>
    <test started-at="2024-12-31T18:56:53 IST" name="Test" finished-at="2024-12-31T18:57:12 IST" duration-ms="18393">
      <class name="testcases.TC001_amazon">
        <test-method is-config="true" signature="steup(java.lang.String,java.lang.String)[pri:0, instance:testcases.TC001_amazon@6356695f]" started-at="2024-12-31T18:56:53 IST" name="steup" finished-at="2024-12-31T18:56:57 IST" duration-ms="3273" status="PASS">
          <params>
            <param index="0">
              <value>
                <![CDATA[Windows]]>
              </value>
            </param>
            <param index="1">
              <value>
                <![CDATA[chrome]]>
              </value>
            </param>
          </params>
          <reporter-output>
          </reporter-output>
        </test-method> <!-- steup -->
        <test-method signature="Amazon()[pri:0, instance:testcases.TC001_amazon@6356695f]" started-at="2024-12-31T18:56:57 IST" name="Amazon" finished-at="2024-12-31T18:57:12 IST" duration-ms="15103" status="PASS">
          <reporter-output>
          </reporter-output>
        </test-method> <!-- Amazon -->
      </class> <!-- testcases.TC001_amazon -->
    </test> <!-- Test -->
  </suite> <!-- Master Suite -->
</testng-results>
